<?xml version="1.0" encoding="UTF-8"?>
<!-- Generated by org.testng.reporters.JUnitXMLReporter -->
<testsuite ignored="0" hostname="IBSNOINB10241" failures="0" tests="4" name="Default test" time="47.981" errors="0" timestamp="2021-08-09T19:48:06 IST">
  <testcase classname="MavenProject1.LoginClass" name="signInClick" time="15.381"/>
  <testcase classname="MavenProject1.LoginClass" name="signInClick" time="6.251"/>
  <testcase classname="MavenProject1.LoginClass" name="signInClick" time="4.664"/>
  <testcase classname="MavenProject1.LoginClass" name="signInClick" time="10.488"/>
</testsuite> <!-- Default test -->
