<?xml version="1.0" encoding="UTF-8"?>
<!-- Generated by org.testng.reporters.JUnitXMLReporter -->
<testsuite ignored="0" hostname="DESKTOP-HU3IM2H" failures="0" tests="1" name="HeaderTest" time="0.159" errors="0" timestamp="2021-08-10T22:33:36 IST">
  <testcase classname="MavenProject1.ValidateHeaderTest" name="@BeforeTest bl" time="0.01">
    <failure type="java.lang.NullPointerException" message="Cannot invoke &amp;quot;String.equalsIgnoreCase(String)&amp;quot; because &amp;quot;browser&amp;quot; is null">
      <![CDATA[java.lang.NullPointerException: Cannot invoke "String.equalsIgnoreCase(String)" because "browser" is null
at MavenProject1.BaseClass.browserLaunch(BaseClass.java:32)
at MavenProject1.ValidateHeaderTest.bl(ValidateHeaderTest.java:20)
at java.base/java.util.concurrent.FutureTask.run(Unknown Source)
at java.base/java.util.concurrent.ThreadPoolExecutor.runWorker(Unknown Source)
at java.base/java.util.concurrent.ThreadPoolExecutor$Worker.run(Unknown Source)
at java.base/java.lang.Thread.run(Unknown Source)
... Removed 15 stack frames]]>
    </failure>
  </testcase> <!-- @BeforeTest bl -->
  <testcase classname="MavenProject1.ValidateHeaderTest" name="@AfterTest cb" time="-1.628615016609E9">
    <skipped/>
  </testcase> <!-- @AfterTest cb -->
  <testcase classname="MavenProject1.ValidateHeaderTest" name="validateHeader" time="0.0">
    <skipped/>
  </testcase> <!-- validateHeader -->
</testsuite> <!-- HeaderTest -->
