<?xml version="1.0" encoding="UTF-8"?>
<!-- Generated by org.testng.reporters.JUnitXMLReporter -->
<testsuite ignored="0" hostname="DESKTOP-HU3IM2H" failures="0" tests="5" name="LoginTest" time="1.34" errors="0" timestamp="2021-08-10T22:33:37 IST">
  <testcase classname="MavenProject1.LoginTest" name="@BeforeTest bt" time="0.011">
    <failure type="java.lang.NullPointerException" message="Cannot invoke &amp;quot;String.equalsIgnoreCase(String)&amp;quot; because &amp;quot;browser&amp;quot; is null">
      <![CDATA[java.lang.NullPointerException: Cannot invoke "String.equalsIgnoreCase(String)" because "browser" is null
at MavenProject1.BaseClass.browserLaunch(BaseClass.java:32)
at MavenProject1.LoginTest.bt(LoginTest.java:29)
at java.base/java.util.concurrent.FutureTask.run(Unknown Source)
at java.base/java.util.concurrent.ThreadPoolExecutor.runWorker(Unknown Source)
at java.base/java.util.concurrent.ThreadPoolExecutor$Worker.run(Unknown Source)
at java.base/java.lang.Thread.run(Unknown Source)
... Removed 15 stack frames]]>
    </failure>
  </testcase> <!-- @BeforeTest bt -->
  <testcase classname="MavenProject1.ValidateTitleTest" name="@BeforeTest bl" time="0.013">
    <failure type="java.lang.NullPointerException" message="Cannot invoke &amp;quot;String.equalsIgnoreCase(String)&amp;quot; because &amp;quot;browser&amp;quot; is null">
      <![CDATA[java.lang.NullPointerException: Cannot invoke "String.equalsIgnoreCase(String)" because "browser" is null
at MavenProject1.BaseClass.browserLaunch(BaseClass.java:32)
at MavenProject1.ValidateTitleTest.bl(ValidateTitleTest.java:22)
at java.base/java.util.concurrent.FutureTask.run(Unknown Source)
at java.base/java.util.concurrent.ThreadPoolExecutor.runWorker(Unknown Source)
at java.base/java.util.concurrent.ThreadPoolExecutor$Worker.run(Unknown Source)
at java.base/java.lang.Thread.run(Unknown Source)
... Removed 15 stack frames]]>
    </failure>
  </testcase> <!-- @BeforeTest bl -->
  <testcase classname="MavenProject1.ValidateTitleTest" name="@AfterTest cb" time="-1.62861501663E9">
    <skipped/>
  </testcase> <!-- @AfterTest cb -->
  <testcase classname="MavenProject1.LoginTest" name="@AfterTest cb" time="-1.628615017795E9">
    <skipped/>
  </testcase> <!-- @AfterTest cb -->
  <testcase classname="MavenProject1.LoginTest" name="signInClick" time="0.0">
    <skipped/>
  </testcase> <!-- signInClick -->
  <testcase classname="MavenProject1.LoginTest" name="signInClick" time="0.0">
    <skipped/>
  </testcase> <!-- signInClick -->
  <testcase classname="MavenProject1.LoginTest" name="signInClick" time="0.0">
    <skipped/>
  </testcase> <!-- signInClick -->
  <testcase classname="MavenProject1.LoginTest" name="signInClick" time="0.0">
    <skipped/>
  </testcase> <!-- signInClick -->
  <testcase classname="MavenProject1.LoginTest" name="signInClick" time="0.0">
    <skipped/>
  </testcase> <!-- signInClick -->
</testsuite> <!-- LoginTest -->
