<?xml version="1.0" encoding="UTF-8"?>
<!-- Generated by org.testng.reporters.JUnitXMLReporter -->
<testsuite ignored="0" hostname="IBSNOINB10241" failures="0" tests="7" name="Test" time="183.05" errors="0" timestamp="2021-08-10T10:24:58 IST">
  <testcase classname="MavenProject1.LoginTest" name="signInClick" time="64.04"/>
  <testcase classname="MavenProject1.LoginTest" name="signInClick" time="14.131"/>
  <testcase classname="MavenProject1.LoginTest" name="signInClick" time="10.113"/>
  <testcase classname="MavenProject1.LoginTest" name="signInClick" time="9.308"/>
  <testcase classname="MavenProject1.LoginTest" name="signInClick" time="11.981"/>
  <testcase classname="MavenProject1.ValidateTitleTest" name="validateTitle" time="0.042"/>
  <testcase classname="MavenProject1.ValidateHeaderTest" name="validateHeader" time="0.078"/>
</testsuite> <!-- Test -->
