<?xml version="1.0" encoding="UTF-8"?>
<testng-results ignored="0" total="2" passed="2" failed="0" skipped="0">
  <reporter-output>
  </reporter-output>
  <suite started-at="2021-08-07T19:40:51 IST" name="Default suite" finished-at="2021-08-07T19:41:00 IST" duration-ms="8861">
    <groups>
    </groups>
    <test started-at="2021-08-07T19:40:51 IST" name="Default test" finished-at="2021-08-07T19:41:00 IST" duration-ms="8861">
      <class name="MavenProject1.LoginClass">
        <test-method signature="browserLaunch()[pri:0, instance:MavenProject1.LoginClass@cad498c]" started-at="2021-08-07T19:40:51 IST" name="browserLaunch" finished-at="2021-08-07T19:41:00 IST" duration-ms="8804" status="PASS">
          <reporter-output>
          </reporter-output>
        </test-method> <!-- browserLaunch -->
        <test-method signature="signInClick()[pri:0, instance:MavenProject1.LoginClass@cad498c]" started-at="2021-08-07T19:41:00 IST" name="signInClick" finished-at="2021-08-07T19:41:00 IST" duration-ms="2" status="PASS">
          <reporter-output>
          </reporter-output>
        </test-method> <!-- signInClick -->
      </class> <!-- MavenProject1.LoginClass -->
    </test> <!-- Default test -->
  </suite> <!-- Default suite -->
</testng-results>
